<?xml version="1.0" encoding="UTF-8"?>
<testsuite xmlns:xsi="http://www.w3.org/2001/XMLSchema-instance" xsi:schemaLocation="https://maven.apache.org/surefire/maven-surefire-plugin/xsd/surefire-test-report.xsd" name="org.codehaus.commons.compiler.tests.ReportedBugsTest" time="0.572" tests="64" errors="0" skipped="0" failures="0">
  <properties>
[...]
</properties>
  <testcase name="testBug48[CompilerFactory=jdk]" classname="org.codehaus.commons.compiler.tests.ReportedBugsTest" time="0"/>
  <testcase name="testBug54[CompilerFactory=jdk]" classname="org.codehaus.commons.compiler.tests.ReportedBugsTest" time="0.047"/>
  <testcase name="testBug55[CompilerFactory=jdk]" classname="org.codehaus.commons.compiler.tests.ReportedBugsTest" time="0.015"/>
  <testcase name="testBug56[CompilerFactory=jdk]" classname="org.codehaus.commons.compiler.tests.ReportedBugsTest" time="0"/>
  <testcase name="testBug63[CompilerFactory=jdk]" classname="org.codehaus.commons.compiler.tests.ReportedBugsTest" time="0.047"/>
  <testcase name="testBug69[CompilerFactory=jdk]" classname="org.codehaus.commons.compiler.tests.ReportedBugsTest" time="0"/>
  <testcase name="testBug70[CompilerFactory=jdk]" classname="org.codehaus.commons.compiler.tests.ReportedBugsTest" time="0.016"/>
  <testcase name="testBug71[CompilerFactory=jdk]" classname="org.codehaus.commons.compiler.tests.ReportedBugsTest" time="0.031"/>
  <testcase name="testBug80[CompilerFactory=jdk]" classname="org.codehaus.commons.compiler.tests.ReportedBugsTest" time="0"/>
  <testcase name="testBug81[CompilerFactory=jdk]" classname="org.codehaus.commons.compiler.tests.ReportedBugsTest" time="0.031"/>
  <testcase name="testBug99[CompilerFactory=jdk]" classname="org.codehaus.commons.compiler.tests.ReportedBugsTest" time="0"/>
  <testcase name="testBug153_1[CompilerFactory=jdk]" classname="org.codehaus.commons.compiler.tests.ReportedBugsTest" time="0.016"/>
  <testcase name="testBug153_2[CompilerFactory=jdk]" classname="org.codehaus.commons.compiler.tests.ReportedBugsTest" time="0.016"/>
  <testcase name="testBug153_3[CompilerFactory=jdk]" classname="org.codehaus.commons.compiler.tests.ReportedBugsTest" time="0.015"/>
  <testcase name="testBug153_4[CompilerFactory=jdk]" classname="org.codehaus.commons.compiler.tests.ReportedBugsTest" time="0"/>
  <testcase name="testBug161_1[CompilerFactory=jdk]" classname="org.codehaus.commons.compiler.tests.ReportedBugsTest" time="0.016"/>
  <testcase name="testBug161_2[CompilerFactory=jdk]" classname="org.codehaus.commons.compiler.tests.ReportedBugsTest" time="0.015"/>
  <testcase name="testBug102[CompilerFactory=jdk]" classname="org.codehaus.commons.compiler.tests.ReportedBugsTest" time="0.016"/>
  <testcase name="testBug105[CompilerFactory=jdk]" classname="org.codehaus.commons.compiler.tests.ReportedBugsTest" time="0"/>
  <testcase name="testBug106[CompilerFactory=jdk]" classname="org.codehaus.commons.compiler.tests.ReportedBugsTest" time="0.031"/>
  <testcase name="testBug147[CompilerFactory=jdk]" classname="org.codehaus.commons.compiler.tests.ReportedBugsTest" time="0.016"/>
  <testcase name="testBug149[CompilerFactory=jdk]" classname="org.codehaus.commons.compiler.tests.ReportedBugsTest" time="0"/>
  <testcase name="testBug157[CompilerFactory=jdk]" classname="org.codehaus.commons.compiler.tests.ReportedBugsTest" time="0"/>
  <testcase name="testBug162[CompilerFactory=jdk]" classname="org.codehaus.commons.compiler.tests.ReportedBugsTest" time="0.016"/>
  <testcase name="testBug163[CompilerFactory=jdk]" classname="org.codehaus.commons.compiler.tests.ReportedBugsTest" time="0.015"/>
  <testcase name="testBug169[CompilerFactory=jdk]" classname="org.codehaus.commons.compiler.tests.ReportedBugsTest" time="0.016"/>
  <testcase name="testBug172[CompilerFactory=jdk]" classname="org.codehaus.commons.compiler.tests.ReportedBugsTest" time="0.015"/>
  <testcase name="testBug179[CompilerFactory=jdk]" classname="org.codehaus.commons.compiler.tests.ReportedBugsTest" time="0.016"/>
  <testcase name="testBug180[CompilerFactory=jdk]" classname="org.codehaus.commons.compiler.tests.ReportedBugsTest" time="0.016"/>
  <testcase name="testBug182[CompilerFactory=jdk]" classname="org.codehaus.commons.compiler.tests.ReportedBugsTest" time="0.015"/>
  <testcase name="testBug184[CompilerFactory=jdk]" classname="org.codehaus.commons.compiler.tests.ReportedBugsTest" time="0.016"/>
  <testcase name="testIssue6[CompilerFactory=jdk]" classname="org.codehaus.commons.compiler.tests.ReportedBugsTest" time="0"/>
  <testcase name="testBug48[CompilerFactory=janino]" classname="org.codehaus.commons.compiler.tests.ReportedBugsTest" time="0.016"/>
  <testcase name="testBug54[CompilerFactory=janino]" classname="org.codehaus.commons.compiler.tests.ReportedBugsTest" time="0"/>
  <testcase name="testBug55[CompilerFactory=janino]" classname="org.codehaus.commons.compiler.tests.ReportedBugsTest" time="0"/>
  <testcase name="testBug56[CompilerFactory=janino]" classname="org.codehaus.commons.compiler.tests.ReportedBugsTest" time="0"/>
  <testcase name="testBug63[CompilerFactory=janino]" classname="org.codehaus.commons.compiler.tests.ReportedBugsTest" time="0.015"/>
  <testcase name="testBug69[CompilerFactory=janino]" classname="org.codehaus.commons.compiler.tests.ReportedBugsTest" time="0"/>
  <testcase name="testBug70[CompilerFactory=janino]" classname="org.codehaus.commons.compiler.tests.ReportedBugsTest" time="0"/>
  <testcase name="testBug71[CompilerFactory=janino]" classname="org.codehaus.commons.compiler.tests.ReportedBugsTest" time="0"/>
  <testcase name="testBug80[CompilerFactory=janino]" classname="org.codehaus.commons.compiler.tests.ReportedBugsTest" time="0"/>
  <testcase name="testBug81[CompilerFactory=janino]" classname="org.codehaus.commons.compiler.tests.ReportedBugsTest" time="0"/>
  <testcase name="testBug99[CompilerFactory=janino]" classname="org.codehaus.commons.compiler.tests.ReportedBugsTest" time="0"/>
  <testcase name="testBug153_1[CompilerFactory=janino]" classname="org.codehaus.commons.compiler.tests.ReportedBugsTest" time="0.016"/>
  <testcase name="testBug153_2[CompilerFactory=janino]" classname="org.codehaus.commons.compiler.tests.ReportedBugsTest" time="0"/>
  <testcase name="testBug153_3[CompilerFactory=janino]" classname="org.codehaus.commons.compiler.tests.ReportedBugsTest" time="0"/>
  <testcase name="testBug153_4[CompilerFactory=janino]" classname="org.codehaus.commons.compiler.tests.ReportedBugsTest" time="0"/>
  <testcase name="testBug161_1[CompilerFactory=janino]" classname="org.codehaus.commons.compiler.tests.ReportedBugsTest" time="0"/>
  <testcase name="testBug161_2[CompilerFactory=janino]" classname="org.codehaus.commons.compiler.tests.ReportedBugsTest" time="0"/>
  <testcase name="testBug102[CompilerFactory=janino]" classname="org.codehaus.commons.compiler.tests.ReportedBugsTest" time="0"/>
  <testcase name="testBug105[CompilerFactory=janino]" classname="org.codehaus.commons.compiler.tests.ReportedBugsTest" time="0"/>
  <testcase name="testBug106[CompilerFactory=janino]" classname="org.codehaus.commons.compiler.tests.ReportedBugsTest" time="0.015"/>
  <testcase name="testBug147[CompilerFactory=janino]" classname="org.codehaus.commons.compiler.tests.ReportedBugsTest" time="0"/>
  <testcase name="testBug149[CompilerFactory=janino]" classname="org.codehaus.commons.compiler.tests.ReportedBugsTest" time="0"/>
  <testcase name="testBug157[CompilerFactory=janino]" classname="org.codehaus.commons.compiler.tests.ReportedBugsTest" time="0"/>
  <testcase name="testBug162[CompilerFactory=janino]" classname="org.codehaus.commons.compiler.tests.ReportedBugsTest" time="0"/>
  <testcase name="testBug163[CompilerFactory=janino]" classname="org.codehaus.commons.compiler.tests.ReportedBugsTest" time="0"/>
  <testcase name="testBug169[CompilerFactory=janino]" classname="org.codehaus.commons.compiler.tests.ReportedBugsTest" time="0.032"/>
  <testcase name="testBug172[CompilerFactory=janino]" classname="org.codehaus.commons.compiler.tests.ReportedBugsTest" time="0.015"/>
  <testcase name="testBug179[CompilerFactory=janino]" classname="org.codehaus.commons.compiler.tests.ReportedBugsTest" time="0"/>
  <testcase name="testBug180[CompilerFactory=janino]" classname="org.codehaus.commons.compiler.tests.ReportedBugsTest" time="0"/>
  <testcase name="testBug182[CompilerFactory=janino]" classname="org.codehaus.commons.compiler.tests.ReportedBugsTest" time="0"/>
  <testcase name="testBug184[CompilerFactory=janino]" classname="org.codehaus.commons.compiler.tests.ReportedBugsTest" time="0"/>
  <testcase name="testIssue6[CompilerFactory=janino]" classname="org.codehaus.commons.compiler.tests.ReportedBugsTest" time="0"/>
</testsuite>