<?xml version="1.0" encoding="UTF-8"?>
<testsuite xmlns:xsi="http://www.w3.org/2001/XMLSchema-instance" xsi:schemaLocation="https://maven.apache.org/surefire/maven-surefire-plugin/xsd/surefire-test-report.xsd" name="org.codehaus.commons.compiler.tests.JlsTest" time="5.301" tests="148" errors="4" skipped="0" failures="2">
  <properties>
[...]
</properties>
  <testcase name="test_15_12_2_6__IdentifyApplicableVariableArityMethods__4[CompilerFactory=jdk]" classname="org.codehaus.commons.compiler.tests.JlsTest" time="0.016"/>
  <testcase name="test_9_7_4_Where_Annotations_May_Appear_field[CompilerFactory=jdk]" classname="org.codehaus.commons.compiler.tests.JlsTest" time="0.031"/>
  <testcase name="test_14_10__TheAssertStatement[CompilerFactory=jdk]" classname="org.codehaus.commons.compiler.tests.JlsTest" time="0.016">
    <failure message="expected null, but was:&lt;nope&gt;" type="java.lang.AssertionError"><![CDATA[java.lang.AssertionError: expected null, but was:<nope>
	at org.codehaus.commons.compiler.tests.JlsTest.test_14_10__TheAssertStatement(JlsTest.java:859)
]]></failure>
  </testcase>
  <testcase name="test_3_10_1__IntegerLiterals_octal[CompilerFactory=jdk]" classname="org.codehaus.commons.compiler.tests.JlsTest" time="0.031"/>
  <testcase name="test_15_12__MethodInvocationExpressions[CompilerFactory=jdk]" classname="org.codehaus.commons.compiler.tests.JlsTest" time="0.016"/>
  <testcase name="test_5_1_8__UnboxingConversion[CompilerFactory=jdk]" classname="org.codehaus.commons.compiler.tests.JlsTest" time="0.14"/>
  <testcase name="test_3_10_2__FloatingPointLiterals_hexadecimal[CompilerFactory=jdk]" classname="org.codehaus.commons.compiler.tests.JlsTest" time="0.11"/>
  <testcase name="test_9_7_3_Single_Element_Annotations[CompilerFactory=jdk]" classname="org.codehaus.commons.compiler.tests.JlsTest" time="0.031"/>
  <testcase name="test_3_10_5__StringLiterals[CompilerFactory=jdk]" classname="org.codehaus.commons.compiler.tests.JlsTest" time="0.047"/>
  <testcase name="test_3_10_4__CharacterLiterals[CompilerFactory=jdk]" classname="org.codehaus.commons.compiler.tests.JlsTest" time="0.047"/>
  <testcase name="test_3_10_1__IntegerLiterals_hex[CompilerFactory=jdk]" classname="org.codehaus.commons.compiler.tests.JlsTest" time="0"/>
  <testcase name="test_15_9__ClassInstanceCreationExpressions[CompilerFactory=jdk]" classname="org.codehaus.commons.compiler.tests.JlsTest" time="0.234"/>
  <testcase name="test_15_18__AdditiveOperators[CompilerFactory=jdk]" classname="org.codehaus.commons.compiler.tests.JlsTest" time="0.234">
    <error message="Line 1, Column 0: simplecompiler:1: constant string too long (compiler.err.limit.string)" type="org.codehaus.commons.compiler.CompileException">org.codehaus.commons.compiler.CompileException: Line 1, Column 0: simplecompiler:1: constant string too long (compiler.err.limit.string)
	at org.codehaus.commons.compiler.tests.JlsTest.test_15_18__AdditiveOperators(JlsTest.java:1491)
</error>
  </testcase>
  <testcase name="test_5_1_7__BoxingConversion[CompilerFactory=jdk]" classname="org.codehaus.commons.compiler.tests.JlsTest" time="0.141"/>
  <testcase name="test_3_11__Separators[CompilerFactory=jdk]" classname="org.codehaus.commons.compiler.tests.JlsTest" time="0"/>
  <testcase name="test_14_3__LocalClassDeclarations[CompilerFactory=jdk]" classname="org.codehaus.commons.compiler.tests.JlsTest" time="0.016"/>
  <testcase name="test_15_2_2_5_ChoosingTheMostSpecificVarargMethod_1[CompilerFactory=jdk]" classname="org.codehaus.commons.compiler.tests.JlsTest" time="0.015"/>
  <testcase name="test_3_10_3__BooleanLiterals[CompilerFactory=jdk]" classname="org.codehaus.commons.compiler.tests.JlsTest" time="0.016"/>
  <testcase name="test_9_6_Annotation_Types[CompilerFactory=jdk]" classname="org.codehaus.commons.compiler.tests.JlsTest" time="0.015"/>
  <testcase name="test_3_10_2__FloatingPointLiterals_underscores[CompilerFactory=jdk]" classname="org.codehaus.commons.compiler.tests.JlsTest" time="0.002">
    <error message="Line 1, Column 0: simplecompiler:1: &apos;;&apos; expected (compiler.err.expected)" type="org.codehaus.commons.compiler.CompileException">org.codehaus.commons.compiler.CompileException: Line 1, Column 0: simplecompiler:1: ';' expected (compiler.err.expected)
	at org.codehaus.commons.compiler.tests.JlsTest.test_3_10_2__FloatingPointLiterals_underscores(JlsTest.java:223)
</error>
  </testcase>
  <testcase name="test_14_11__TheSwitchStatement_enum[CompilerFactory=jdk]" classname="org.codehaus.commons.compiler.tests.JlsTest" time="0.016"/>
  <testcase name="test_15_15__UnaryOperators[CompilerFactory=jdk]" classname="org.codehaus.commons.compiler.tests.JlsTest" time="0.125"/>
  <testcase name="test_5_5__CastingConversion[CompilerFactory=jdk]" classname="org.codehaus.commons.compiler.tests.JlsTest" time="0.094"/>
  <testcase name="test_7_5__ImportDeclarations[CompilerFactory=jdk]" classname="org.codehaus.commons.compiler.tests.JlsTest" time="0.281"/>
  <testcase name="test_5_6__NumberPromotions[CompilerFactory=jdk]" classname="org.codehaus.commons.compiler.tests.JlsTest" time="0.203"/>
  <testcase name="test_3_10_2__FloatingPointLiterals_double[CompilerFactory=jdk]" classname="org.codehaus.commons.compiler.tests.JlsTest" time="0.031"/>
  <testcase name="test_3_10_1__IntegerLiterals_decimal[CompilerFactory=jdk]" classname="org.codehaus.commons.compiler.tests.JlsTest" time="0.032"/>
  <testcase name="test_3_10_6__EscapeSequencesForCharacterAndStringLiterals[CompilerFactory=jdk]" classname="org.codehaus.commons.compiler.tests.JlsTest" time="0.218"/>
  <testcase name="test_3_10_1__IntegerLiterals_long_range[CompilerFactory=jdk]" classname="org.codehaus.commons.compiler.tests.JlsTest" time="0.047"/>
  <testcase name="test_15_22__BitwiseAndLogicalOperators[CompilerFactory=jdk]" classname="org.codehaus.commons.compiler.tests.JlsTest" time="0.031"/>
  <testcase name="test_3_10_1__IntegerLiterals_underscores[CompilerFactory=jdk]" classname="org.codehaus.commons.compiler.tests.JlsTest" time="0">
    <error message="Line 1, Column 0: simplecompiler:1: &apos;;&apos; expected (compiler.err.expected)" type="org.codehaus.commons.compiler.CompileException">org.codehaus.commons.compiler.CompileException: Line 1, Column 0: simplecompiler:1: ';' expected (compiler.err.expected)
	at org.codehaus.commons.compiler.tests.JlsTest.test_3_10_1__IntegerLiterals_underscores(JlsTest.java:183)
</error>
  </testcase>
  <testcase name="test_15_20__RelationOperators[CompilerFactory=jdk]" classname="org.codehaus.commons.compiler.tests.JlsTest" time="0.016"/>
  <testcase name="test_14_20_1__ExecutionOfTryCatch__1[CompilerFactory=jdk]" classname="org.codehaus.commons.compiler.tests.JlsTest" time="0.016"/>
  <testcase name="test_14_20_1__ExecutionOfTryCatch__2[CompilerFactory=jdk]" classname="org.codehaus.commons.compiler.tests.JlsTest" time="0"/>
  <testcase name="test_14_20_1__ExecutionOfTryCatch__3[CompilerFactory=jdk]" classname="org.codehaus.commons.compiler.tests.JlsTest" time="0.015"/>
  <testcase name="test_14_20_1__ExecutionOfTryCatch__4[CompilerFactory=jdk]" classname="org.codehaus.commons.compiler.tests.JlsTest" time="0.016">
    <failure message="Should have issued an error, but compiled successfully" type="java.lang.AssertionError">java.lang.AssertionError: Should have issued an error, but compiled successfully
	at org.codehaus.commons.compiler.tests.JlsTest.test_14_20_1__ExecutionOfTryCatch__4(JlsTest.java:1040)
</failure>
  </testcase>
  <testcase name="test_14_20_1__ExecutionOfTryCatch__5[CompilerFactory=jdk]" classname="org.codehaus.commons.compiler.tests.JlsTest" time="0.016"/>
  <testcase name="test_14_20_1__ExecutionOfTryCatch__6[CompilerFactory=jdk]" classname="org.codehaus.commons.compiler.tests.JlsTest" time="0.015"/>
  <testcase name="test_15_26__AssignmentOperators[CompilerFactory=jdk]" classname="org.codehaus.commons.compiler.tests.JlsTest" time="0.125"/>
  <testcase name="test_4_5_1__TypeArgumentsAndWildcards[CompilerFactory=jdk]" classname="org.codehaus.commons.compiler.tests.JlsTest" time="0.016"/>
  <testcase name="test_9_7_4_Where_Annotations_May_Appear_method[CompilerFactory=jdk]" classname="org.codehaus.commons.compiler.tests.JlsTest" time="0.016"/>
  <testcase name="test_15_25__ConditionalOperator[CompilerFactory=jdk]" classname="org.codehaus.commons.compiler.tests.JlsTest" time="0.39"/>
  <testcase name="test_14_14_2_2__TheEnhancedForStatement_Array[CompilerFactory=jdk]" classname="org.codehaus.commons.compiler.tests.JlsTest" time="0.094"/>
  <testcase name="test_15_17__MultiplicativeOperators[CompilerFactory=jdk]" classname="org.codehaus.commons.compiler.tests.JlsTest" time="0.016"/>
  <testcase name="test_3_10_1__IntegerLiterals_int_range[CompilerFactory=jdk]" classname="org.codehaus.commons.compiler.tests.JlsTest" time="0.109"/>
  <testcase name="test_3_10_1__IntegerLiterals_binary[CompilerFactory=jdk]" classname="org.codehaus.commons.compiler.tests.JlsTest" time="0">
    <error message="Line 1, Column 0: simplecompiler:1: &apos;;&apos; expected (compiler.err.expected)" type="org.codehaus.commons.compiler.CompileException">org.codehaus.commons.compiler.CompileException: Line 1, Column 0: simplecompiler:1: ';' expected (compiler.err.expected)
	at org.codehaus.commons.compiler.tests.JlsTest.test_3_10_1__IntegerLiterals_binary(JlsTest.java:163)
</error>
  </testcase>
  <testcase name="test_3_10_2__FloatingPointLiterals_float[CompilerFactory=jdk]" classname="org.codehaus.commons.compiler.tests.JlsTest" time="0.125"/>
  <testcase name="test_15_12_2_4__Phase3IdentifyApplicableVariableArityMethods__1[CompilerFactory=jdk]" classname="org.codehaus.commons.compiler.tests.JlsTest" time="0.031"/>
  <testcase name="test_15_12_2_4__Phase3IdentifyApplicableVariableArityMethods__2[CompilerFactory=jdk]" classname="org.codehaus.commons.compiler.tests.JlsTest" time="0.032"/>
  <testcase name="test_15_12_2_4__Phase3IdentifyApplicableVariableArityMethods__3[CompilerFactory=jdk]" classname="org.codehaus.commons.compiler.tests.JlsTest" time="0"/>
  <testcase name="test_15_12_2_4__Phase3IdentifyApplicableVariableArityMethods__4[CompilerFactory=jdk]" classname="org.codehaus.commons.compiler.tests.JlsTest" time="0.015"/>
  <testcase name="test_8_9__Enums__valueOf[CompilerFactory=jdk]" classname="org.codehaus.commons.compiler.tests.JlsTest" time="0.063"/>
  <testcase name="test_8_9__Enums__1[CompilerFactory=jdk]" classname="org.codehaus.commons.compiler.tests.JlsTest" time="0.031"/>
  <testcase name="test_8_9__Enums__2[CompilerFactory=jdk]" classname="org.codehaus.commons.compiler.tests.JlsTest" time="0.031"/>
  <testcase name="test_14_21__UnreachableStatements[CompilerFactory=jdk]" classname="org.codehaus.commons.compiler.tests.JlsTest" time="0.016"/>
  <testcase name="test_9_7_2_Marker_Annotations[CompilerFactory=jdk]" classname="org.codehaus.commons.compiler.tests.JlsTest" time="0.015"/>
  <testcase name="test_8_9__Enums__values[CompilerFactory=jdk]" classname="org.codehaus.commons.compiler.tests.JlsTest" time="0.016"/>
  <testcase name="test_14_14_2_1__TheEnhancedForStatement_Iterable[CompilerFactory=jdk]" classname="org.codehaus.commons.compiler.tests.JlsTest" time="0.031"/>
  <testcase name="test_3_12__Operators[CompilerFactory=jdk]" classname="org.codehaus.commons.compiler.tests.JlsTest" time="0"/>
  <testcase name="test_8_1_2__Generic_Classes_and_Type_Parameters[CompilerFactory=jdk]" classname="org.codehaus.commons.compiler.tests.JlsTest" time="0.016"/>
  <testcase name="test_15_12_2_7__IdentifyApplicableVariableArityMethods__4[CompilerFactory=jdk]" classname="org.codehaus.commons.compiler.tests.JlsTest" time="0"/>
  <testcase name="test_15_14__PostfixExpressions[CompilerFactory=jdk]" classname="org.codehaus.commons.compiler.tests.JlsTest" time="0.094"/>
  <testcase name="test_5_2__AssignmentConversion[CompilerFactory=jdk]" classname="org.codehaus.commons.compiler.tests.JlsTest" time="0.218"/>
  <testcase name="test_3_10_7__TheNullLiteral[CompilerFactory=jdk]" classname="org.codehaus.commons.compiler.tests.JlsTest" time="0.016"/>
  <testcase name="test_14_8__ExpressionStatements[CompilerFactory=jdk]" classname="org.codehaus.commons.compiler.tests.JlsTest" time="0.031"/>
  <testcase name="test_15_24__ConditionalOrOperator[CompilerFactory=jdk]" classname="org.codehaus.commons.compiler.tests.JlsTest" time="0.032"/>
  <testcase name="test_14_11__TheSwitchStatement[CompilerFactory=jdk]" classname="org.codehaus.commons.compiler.tests.JlsTest" time="0.062"/>
  <testcase name="test_9_7_1_Normal_Annotations1[CompilerFactory=jdk]" classname="org.codehaus.commons.compiler.tests.JlsTest" time="0.016"/>
  <testcase name="test_9_7_1_Normal_Annotations2[CompilerFactory=jdk]" classname="org.codehaus.commons.compiler.tests.JlsTest" time="0.047"/>
  <testcase name="test_8_4_8_3__Requirements_in_Overriding_and_Hiding[CompilerFactory=jdk]" classname="org.codehaus.commons.compiler.tests.JlsTest" time="0.031"/>
  <testcase name="test_15_21__EqualityOperators[CompilerFactory=jdk]" classname="org.codehaus.commons.compiler.tests.JlsTest" time="0.125"/>
  <testcase name="test_15_11__FieldAccessExpressions[CompilerFactory=jdk]" classname="org.codehaus.commons.compiler.tests.JlsTest" time="0.015"/>
  <testcase name="test_3__LexicalStructure[CompilerFactory=jdk]" classname="org.codehaus.commons.compiler.tests.JlsTest" time="0.235"/>
  <testcase name="test_15_23__ConditionalAndOperator[CompilerFactory=jdk]" classname="org.codehaus.commons.compiler.tests.JlsTest" time="0.016"/>
  <testcase name="test_15_12_2_6__IdentifyApplicableVariableArityMethods__4[CompilerFactory=janino]" classname="org.codehaus.commons.compiler.tests.JlsTest" time="0"/>
  <testcase name="test_9_7_4_Where_Annotations_May_Appear_field[CompilerFactory=janino]" classname="org.codehaus.commons.compiler.tests.JlsTest" time="0.015"/>
  <testcase name="test_14_10__TheAssertStatement[CompilerFactory=janino]" classname="org.codehaus.commons.compiler.tests.JlsTest" time="0.016"/>
  <testcase name="test_3_10_1__IntegerLiterals_octal[CompilerFactory=janino]" classname="org.codehaus.commons.compiler.tests.JlsTest" time="0"/>
  <testcase name="test_15_12__MethodInvocationExpressions[CompilerFactory=janino]" classname="org.codehaus.commons.compiler.tests.JlsTest" time="0"/>
  <testcase name="test_5_1_8__UnboxingConversion[CompilerFactory=janino]" classname="org.codehaus.commons.compiler.tests.JlsTest" time="0.016"/>
  <testcase name="test_3_10_2__FloatingPointLiterals_hexadecimal[CompilerFactory=janino]" classname="org.codehaus.commons.compiler.tests.JlsTest" time="0.015"/>
  <testcase name="test_9_7_3_Single_Element_Annotations[CompilerFactory=janino]" classname="org.codehaus.commons.compiler.tests.JlsTest" time="0"/>
  <testcase name="test_3_10_5__StringLiterals[CompilerFactory=janino]" classname="org.codehaus.commons.compiler.tests.JlsTest" time="0.016"/>
  <testcase name="test_3_10_4__CharacterLiterals[CompilerFactory=janino]" classname="org.codehaus.commons.compiler.tests.JlsTest" time="0"/>
  <testcase name="test_3_10_1__IntegerLiterals_hex[CompilerFactory=janino]" classname="org.codehaus.commons.compiler.tests.JlsTest" time="0"/>
  <testcase name="test_15_9__ClassInstanceCreationExpressions[CompilerFactory=janino]" classname="org.codehaus.commons.compiler.tests.JlsTest" time="0.047"/>
  <testcase name="test_15_18__AdditiveOperators[CompilerFactory=janino]" classname="org.codehaus.commons.compiler.tests.JlsTest" time="0.187"/>
  <testcase name="test_5_1_7__BoxingConversion[CompilerFactory=janino]" classname="org.codehaus.commons.compiler.tests.JlsTest" time="0.016"/>
  <testcase name="test_3_11__Separators[CompilerFactory=janino]" classname="org.codehaus.commons.compiler.tests.JlsTest" time="0"/>
  <testcase name="test_14_3__LocalClassDeclarations[CompilerFactory=janino]" classname="org.codehaus.commons.compiler.tests.JlsTest" time="0"/>
  <testcase name="test_15_2_2_5_ChoosingTheMostSpecificVarargMethod_1[CompilerFactory=janino]" classname="org.codehaus.commons.compiler.tests.JlsTest" time="0"/>
  <testcase name="test_3_10_3__BooleanLiterals[CompilerFactory=janino]" classname="org.codehaus.commons.compiler.tests.JlsTest" time="0.015"/>
  <testcase name="test_9_6_Annotation_Types[CompilerFactory=janino]" classname="org.codehaus.commons.compiler.tests.JlsTest" time="0"/>
  <testcase name="test_3_10_2__FloatingPointLiterals_underscores[CompilerFactory=janino]" classname="org.codehaus.commons.compiler.tests.JlsTest" time="0.006"/>
  <testcase name="test_14_11__TheSwitchStatement_enum[CompilerFactory=janino]" classname="org.codehaus.commons.compiler.tests.JlsTest" time="0.001"/>
  <testcase name="test_15_15__UnaryOperators[CompilerFactory=janino]" classname="org.codehaus.commons.compiler.tests.JlsTest" time="0"/>
  <testcase name="test_5_5__CastingConversion[CompilerFactory=janino]" classname="org.codehaus.commons.compiler.tests.JlsTest" time="0.015"/>
  <testcase name="test_7_5__ImportDeclarations[CompilerFactory=janino]" classname="org.codehaus.commons.compiler.tests.JlsTest" time="0.032"/>
  <testcase name="test_5_6__NumberPromotions[CompilerFactory=janino]" classname="org.codehaus.commons.compiler.tests.JlsTest" time="0"/>
  <testcase name="test_3_10_2__FloatingPointLiterals_double[CompilerFactory=janino]" classname="org.codehaus.commons.compiler.tests.JlsTest" time="0.016"/>
  <testcase name="test_3_10_1__IntegerLiterals_decimal[CompilerFactory=janino]" classname="org.codehaus.commons.compiler.tests.JlsTest" time="0"/>
  <testcase name="test_3_10_6__EscapeSequencesForCharacterAndStringLiterals[CompilerFactory=janino]" classname="org.codehaus.commons.compiler.tests.JlsTest" time="0"/>
  <testcase name="test_3_10_1__IntegerLiterals_long_range[CompilerFactory=janino]" classname="org.codehaus.commons.compiler.tests.JlsTest" time="0.015"/>
  <testcase name="test_15_22__BitwiseAndLogicalOperators[CompilerFactory=janino]" classname="org.codehaus.commons.compiler.tests.JlsTest" time="0"/>
  <testcase name="test_3_10_1__IntegerLiterals_underscores[CompilerFactory=janino]" classname="org.codehaus.commons.compiler.tests.JlsTest" time="0"/>
  <testcase name="test_15_20__RelationOperators[CompilerFactory=janino]" classname="org.codehaus.commons.compiler.tests.JlsTest" time="0"/>
  <testcase name="test_14_20_1__ExecutionOfTryCatch__1[CompilerFactory=janino]" classname="org.codehaus.commons.compiler.tests.JlsTest" time="0"/>
  <testcase name="test_14_20_1__ExecutionOfTryCatch__2[CompilerFactory=janino]" classname="org.codehaus.commons.compiler.tests.JlsTest" time="0"/>
  <testcase name="test_14_20_1__ExecutionOfTryCatch__3[CompilerFactory=janino]" classname="org.codehaus.commons.compiler.tests.JlsTest" time="0"/>
  <testcase name="test_14_20_1__ExecutionOfTryCatch__4[CompilerFactory=janino]" classname="org.codehaus.commons.compiler.tests.JlsTest" time="0.016"/>
  <testcase name="test_14_20_1__ExecutionOfTryCatch__5[CompilerFactory=janino]" classname="org.codehaus.commons.compiler.tests.JlsTest" time="0"/>
  <testcase name="test_14_20_1__ExecutionOfTryCatch__6[CompilerFactory=janino]" classname="org.codehaus.commons.compiler.tests.JlsTest" time="0.016"/>
  <testcase name="test_15_26__AssignmentOperators[CompilerFactory=janino]" classname="org.codehaus.commons.compiler.tests.JlsTest" time="0"/>
  <testcase name="test_4_5_1__TypeArgumentsAndWildcards[CompilerFactory=janino]" classname="org.codehaus.commons.compiler.tests.JlsTest" time="0"/>
  <testcase name="test_9_7_4_Where_Annotations_May_Appear_method[CompilerFactory=janino]" classname="org.codehaus.commons.compiler.tests.JlsTest" time="0"/>
  <testcase name="test_15_25__ConditionalOperator[CompilerFactory=janino]" classname="org.codehaus.commons.compiler.tests.JlsTest" time="0.063"/>
  <testcase name="test_14_14_2_2__TheEnhancedForStatement_Array[CompilerFactory=janino]" classname="org.codehaus.commons.compiler.tests.JlsTest" time="0.015"/>
  <testcase name="test_15_17__MultiplicativeOperators[CompilerFactory=janino]" classname="org.codehaus.commons.compiler.tests.JlsTest" time="0"/>
  <testcase name="test_3_10_1__IntegerLiterals_int_range[CompilerFactory=janino]" classname="org.codehaus.commons.compiler.tests.JlsTest" time="0"/>
  <testcase name="test_3_10_1__IntegerLiterals_binary[CompilerFactory=janino]" classname="org.codehaus.commons.compiler.tests.JlsTest" time="0.016"/>
  <testcase name="test_3_10_2__FloatingPointLiterals_float[CompilerFactory=janino]" classname="org.codehaus.commons.compiler.tests.JlsTest" time="0.016"/>
  <testcase name="test_15_12_2_4__Phase3IdentifyApplicableVariableArityMethods__1[CompilerFactory=janino]" classname="org.codehaus.commons.compiler.tests.JlsTest" time="0"/>
  <testcase name="test_15_12_2_4__Phase3IdentifyApplicableVariableArityMethods__2[CompilerFactory=janino]" classname="org.codehaus.commons.compiler.tests.JlsTest" time="0"/>
  <testcase name="test_15_12_2_4__Phase3IdentifyApplicableVariableArityMethods__3[CompilerFactory=janino]" classname="org.codehaus.commons.compiler.tests.JlsTest" time="0"/>
  <testcase name="test_15_12_2_4__Phase3IdentifyApplicableVariableArityMethods__4[CompilerFactory=janino]" classname="org.codehaus.commons.compiler.tests.JlsTest" time="0"/>
  <testcase name="test_8_9__Enums__valueOf[CompilerFactory=janino]" classname="org.codehaus.commons.compiler.tests.JlsTest" time="0.031"/>
  <testcase name="test_8_9__Enums__1[CompilerFactory=janino]" classname="org.codehaus.commons.compiler.tests.JlsTest" time="0"/>
  <testcase name="test_8_9__Enums__2[CompilerFactory=janino]" classname="org.codehaus.commons.compiler.tests.JlsTest" time="0"/>
  <testcase name="test_14_21__UnreachableStatements[CompilerFactory=janino]" classname="org.codehaus.commons.compiler.tests.JlsTest" time="0"/>
  <testcase name="test_9_7_2_Marker_Annotations[CompilerFactory=janino]" classname="org.codehaus.commons.compiler.tests.JlsTest" time="0.016"/>
  <testcase name="test_8_9__Enums__values[CompilerFactory=janino]" classname="org.codehaus.commons.compiler.tests.JlsTest" time="0"/>
  <testcase name="test_14_14_2_1__TheEnhancedForStatement_Iterable[CompilerFactory=janino]" classname="org.codehaus.commons.compiler.tests.JlsTest" time="0.031"/>
  <testcase name="test_3_12__Operators[CompilerFactory=janino]" classname="org.codehaus.commons.compiler.tests.JlsTest" time="0"/>
  <testcase name="test_8_1_2__Generic_Classes_and_Type_Parameters[CompilerFactory=janino]" classname="org.codehaus.commons.compiler.tests.JlsTest" time="0"/>
  <testcase name="test_15_12_2_7__IdentifyApplicableVariableArityMethods__4[CompilerFactory=janino]" classname="org.codehaus.commons.compiler.tests.JlsTest" time="0"/>
  <testcase name="test_15_14__PostfixExpressions[CompilerFactory=janino]" classname="org.codehaus.commons.compiler.tests.JlsTest" time="0"/>
  <testcase name="test_5_2__AssignmentConversion[CompilerFactory=janino]" classname="org.codehaus.commons.compiler.tests.JlsTest" time="0.031"/>
  <testcase name="test_3_10_7__TheNullLiteral[CompilerFactory=janino]" classname="org.codehaus.commons.compiler.tests.JlsTest" time="0"/>
  <testcase name="test_14_8__ExpressionStatements[CompilerFactory=janino]" classname="org.codehaus.commons.compiler.tests.JlsTest" time="0"/>
  <testcase name="test_15_24__ConditionalOrOperator[CompilerFactory=janino]" classname="org.codehaus.commons.compiler.tests.JlsTest" time="0"/>
  <testcase name="test_14_11__TheSwitchStatement[CompilerFactory=janino]" classname="org.codehaus.commons.compiler.tests.JlsTest" time="0.016"/>
  <testcase name="test_9_7_1_Normal_Annotations1[CompilerFactory=janino]" classname="org.codehaus.commons.compiler.tests.JlsTest" time="0"/>
  <testcase name="test_9_7_1_Normal_Annotations2[CompilerFactory=janino]" classname="org.codehaus.commons.compiler.tests.JlsTest" time="0.015"/>
  <testcase name="test_8_4_8_3__Requirements_in_Overriding_and_Hiding[CompilerFactory=janino]" classname="org.codehaus.commons.compiler.tests.JlsTest" time="0.016"/>
  <testcase name="test_15_21__EqualityOperators[CompilerFactory=janino]" classname="org.codehaus.commons.compiler.tests.JlsTest" time="0.016"/>
  <testcase name="test_15_11__FieldAccessExpressions[CompilerFactory=janino]" classname="org.codehaus.commons.compiler.tests.JlsTest" time="0"/>
  <testcase name="test_3__LexicalStructure[CompilerFactory=janino]" classname="org.codehaus.commons.compiler.tests.JlsTest" time="0.015"/>
  <testcase name="test_15_23__ConditionalAndOperator[CompilerFactory=janino]" classname="org.codehaus.commons.compiler.tests.JlsTest" time="0.016"/>
</testsuite>