<?xml version="1.0" encoding="UTF-8"?>
<testsuite xmlns:xsi="http://www.w3.org/2001/XMLSchema-instance" xsi:schemaLocation="https://maven.apache.org/surefire/maven-surefire-plugin/xsd/surefire-test-report.xsd" name="org.codehaus.commons.compiler.tests.EvaluatorTest" time="31.563" tests="56" errors="1" skipped="0" failures="0">
  <properties>
[...]
</properties>
  <testcase name="testDivByZero[CompilerFactory=jdk]" classname="org.codehaus.commons.compiler.tests.EvaluatorTest" time="0.625"/>
  <testcase name="testNonExistentImport[CompilerFactory=jdk]" classname="org.codehaus.commons.compiler.tests.EvaluatorTest" time="0.047"/>
  <testcase name="testMultiScriptEvaluator[CompilerFactory=jdk]" classname="org.codehaus.commons.compiler.tests.EvaluatorTest" time="0.031"/>
  <testcase name="testTrinaryOptimize[CompilerFactory=jdk]" classname="org.codehaus.commons.compiler.tests.EvaluatorTest" time="0.015"/>
  <testcase name="test64kConstantPool[CompilerFactory=jdk]" classname="org.codehaus.commons.compiler.tests.EvaluatorTest" time="12.252">
    <error message="Line 1, Column 0: simplecompiler:1: too many constants (compiler.err.limit.pool)" type="org.codehaus.commons.compiler.CompileException">org.codehaus.commons.compiler.CompileException: Line 1, Column 0: simplecompiler:1: too many constants (compiler.err.limit.pool)
	at org.codehaus.commons.compiler.tests.EvaluatorTest.test64kConstantPool(EvaluatorTest.java:553)
</error>
  </testcase>
  <testcase name="testManyArgumentsCall[CompilerFactory=jdk]" classname="org.codehaus.commons.compiler.tests.EvaluatorTest" time="0.031"/>
  <testcase name="testFastExpressionEvaluator[CompilerFactory=jdk]" classname="org.codehaus.commons.compiler.tests.EvaluatorTest" time="0.031"/>
  <testcase name="testFastClassBodyEvaluator1[CompilerFactory=jdk]" classname="org.codehaus.commons.compiler.tests.EvaluatorTest" time="0.047"/>
  <testcase name="testFastClassBodyEvaluator2[CompilerFactory=jdk]" classname="org.codehaus.commons.compiler.tests.EvaluatorTest" time="0.016"/>
  <testcase name="test32kBranchLimit[CompilerFactory=jdk]" classname="org.codehaus.commons.compiler.tests.EvaluatorTest" time="0.625"/>
  <testcase name="testCovariantClone[CompilerFactory=jdk]" classname="org.codehaus.commons.compiler.tests.EvaluatorTest" time="0.062"/>
  <testcase name="testCovariantReturns[CompilerFactory=jdk]" classname="org.codehaus.commons.compiler.tests.EvaluatorTest" time="0.016"/>
  <testcase name="testAccessingCompilingClass[CompilerFactory=jdk]" classname="org.codehaus.commons.compiler.tests.EvaluatorTest" time="0.031"/>
  <testcase name="testExpressionEvaluator[CompilerFactory=jdk]" classname="org.codehaus.commons.compiler.tests.EvaluatorTest" time="0.032"/>
  <testcase name="testWideInstructions[CompilerFactory=jdk]" classname="org.codehaus.commons.compiler.tests.EvaluatorTest" time="0.062"/>
  <testcase name="testInstanceOf[CompilerFactory=jdk]" classname="org.codehaus.commons.compiler.tests.EvaluatorTest" time="0.016"/>
  <testcase name="testAnonymousFieldInitializedByCapture[CompilerFactory=jdk]" classname="org.codehaus.commons.compiler.tests.EvaluatorTest" time="0.031"/>
  <testcase name="testOverrideVisibility[CompilerFactory=jdk]" classname="org.codehaus.commons.compiler.tests.EvaluatorTest" time="0.016"/>
  <testcase name="testNullComparator[CompilerFactory=jdk]" classname="org.codehaus.commons.compiler.tests.EvaluatorTest" time="0.015"/>
  <testcase name="testManyEEs[CompilerFactory=jdk]" classname="org.codehaus.commons.compiler.tests.EvaluatorTest" time="4.536"/>
  <testcase name="testStringBuilderLength[CompilerFactory=jdk]" classname="org.codehaus.commons.compiler.tests.EvaluatorTest" time="0"/>
  <testcase name="testNamedFieldInitializedByCapture[CompilerFactory=jdk]" classname="org.codehaus.commons.compiler.tests.EvaluatorTest" time="0.047"/>
  <testcase name="testBaseClassAccess[CompilerFactory=jdk]" classname="org.codehaus.commons.compiler.tests.EvaluatorTest" time="0.015"/>
  <testcase name="testHandlingNaN[CompilerFactory=jdk]" classname="org.codehaus.commons.compiler.tests.EvaluatorTest" time="0.031"/>
  <testcase name="test64kOperandStackHeight[CompilerFactory=jdk]" classname="org.codehaus.commons.compiler.tests.EvaluatorTest" time="0.079"/>
  <testcase name="testAbstractGrandParentsWithCovariantReturns[CompilerFactory=jdk]" classname="org.codehaus.commons.compiler.tests.EvaluatorTest" time="0.015"/>
  <testcase name="testHugeIntArray[CompilerFactory=jdk]" classname="org.codehaus.commons.compiler.tests.EvaluatorTest" time="0.125"/>
  <testcase name="testStaticFieldAccess[CompilerFactory=jdk]" classname="org.codehaus.commons.compiler.tests.EvaluatorTest" time="0.031"/>
  <testcase name="testDivByZero[CompilerFactory=janino]" classname="org.codehaus.commons.compiler.tests.EvaluatorTest" time="0.407"/>
  <testcase name="testNonExistentImport[CompilerFactory=janino]" classname="org.codehaus.commons.compiler.tests.EvaluatorTest" time="0.015"/>
  <testcase name="testMultiScriptEvaluator[CompilerFactory=janino]" classname="org.codehaus.commons.compiler.tests.EvaluatorTest" time="0.016"/>
  <testcase name="testTrinaryOptimize[CompilerFactory=janino]" classname="org.codehaus.commons.compiler.tests.EvaluatorTest" time="0"/>
  <testcase name="test64kConstantPool[CompilerFactory=janino]" classname="org.codehaus.commons.compiler.tests.EvaluatorTest" time="1.359"/>
  <testcase name="testManyArgumentsCall[CompilerFactory=janino]" classname="org.codehaus.commons.compiler.tests.EvaluatorTest" time="0.047"/>
  <testcase name="testFastExpressionEvaluator[CompilerFactory=janino]" classname="org.codehaus.commons.compiler.tests.EvaluatorTest" time="0.016"/>
  <testcase name="testFastClassBodyEvaluator1[CompilerFactory=janino]" classname="org.codehaus.commons.compiler.tests.EvaluatorTest" time="0"/>
  <testcase name="testFastClassBodyEvaluator2[CompilerFactory=janino]" classname="org.codehaus.commons.compiler.tests.EvaluatorTest" time="0"/>
  <testcase name="test32kBranchLimit[CompilerFactory=janino]" classname="org.codehaus.commons.compiler.tests.EvaluatorTest" time="0.875"/>
  <testcase name="testCovariantClone[CompilerFactory=janino]" classname="org.codehaus.commons.compiler.tests.EvaluatorTest" time="0.015"/>
  <testcase name="testCovariantReturns[CompilerFactory=janino]" classname="org.codehaus.commons.compiler.tests.EvaluatorTest" time="0.016"/>
  <testcase name="testAccessingCompilingClass[CompilerFactory=janino]" classname="org.codehaus.commons.compiler.tests.EvaluatorTest" time="0.016"/>
  <testcase name="testExpressionEvaluator[CompilerFactory=janino]" classname="org.codehaus.commons.compiler.tests.EvaluatorTest" time="0"/>
  <testcase name="testWideInstructions[CompilerFactory=janino]" classname="org.codehaus.commons.compiler.tests.EvaluatorTest" time="0.062"/>
  <testcase name="testInstanceOf[CompilerFactory=janino]" classname="org.codehaus.commons.compiler.tests.EvaluatorTest" time="0"/>
  <testcase name="testAnonymousFieldInitializedByCapture[CompilerFactory=janino]" classname="org.codehaus.commons.compiler.tests.EvaluatorTest" time="0.016"/>
  <testcase name="testOverrideVisibility[CompilerFactory=janino]" classname="org.codehaus.commons.compiler.tests.EvaluatorTest" time="0.016"/>
  <testcase name="testNullComparator[CompilerFactory=janino]" classname="org.codehaus.commons.compiler.tests.EvaluatorTest" time="0"/>
  <testcase name="testManyEEs[CompilerFactory=janino]" classname="org.codehaus.commons.compiler.tests.EvaluatorTest" time="3.038"/>
  <testcase name="testStringBuilderLength[CompilerFactory=janino]" classname="org.codehaus.commons.compiler.tests.EvaluatorTest" time="0"/>
  <testcase name="testNamedFieldInitializedByCapture[CompilerFactory=janino]" classname="org.codehaus.commons.compiler.tests.EvaluatorTest" time="0"/>
  <testcase name="testBaseClassAccess[CompilerFactory=janino]" classname="org.codehaus.commons.compiler.tests.EvaluatorTest" time="0.016"/>
  <testcase name="testHandlingNaN[CompilerFactory=janino]" classname="org.codehaus.commons.compiler.tests.EvaluatorTest" time="0"/>
  <testcase name="test64kOperandStackHeight[CompilerFactory=janino]" classname="org.codehaus.commons.compiler.tests.EvaluatorTest" time="0.797"/>
  <testcase name="testAbstractGrandParentsWithCovariantReturns[CompilerFactory=janino]" classname="org.codehaus.commons.compiler.tests.EvaluatorTest" time="0"/>
  <testcase name="testHugeIntArray[CompilerFactory=janino]" classname="org.codehaus.commons.compiler.tests.EvaluatorTest" time="5.675"/>
  <testcase name="testStaticFieldAccess[CompilerFactory=janino]" classname="org.codehaus.commons.compiler.tests.EvaluatorTest" time="0"/>
</testsuite>